<<<<<<< HEAD
This is pdfTeX, Version 3.14159265-2.6-1.40.18 (TeX Live 2017) (preloaded format=pdflatex 2017.5.23)  10 MAY 2018 09:42
=======
This is pdfTeX, Version 3.14159265-2.6-1.40.18 (TeX Live 2017/W32TeX) (preloaded format=pdflatex 2017.6.8)  10 MAY 2018 09:58
>>>>>>> Line losses added in
entering extended mode
 restricted \write18 enabled.
 %&-line parsing enabled.
**Report.tex
(./Report.tex
LaTeX2e <2017-04-15>
Babel <3.10> and hyphenation patterns for 84 language(s) loaded.
(/usr/local/texlive/2017/texmf-dist/tex/latex/base/article.cls
Document Class: article 2014/09/29 v1.4h Standard LaTeX document class
(/usr/local/texlive/2017/texmf-dist/tex/latex/base/size12.clo
File: size12.clo 2014/09/29 v1.4h Standard LaTeX file (size option)
)
\c@part=\count79
\c@section=\count80
\c@subsection=\count81
\c@subsubsection=\count82
\c@paragraph=\count83
\c@subparagraph=\count84
\c@figure=\count85
\c@table=\count86
\abovecaptionskip=\skip41
\belowcaptionskip=\skip42
\bibindent=\dimen102
)
(/usr/local/texlive/2017/texmf-dist/tex/latex/graphics/graphicx.sty
Package: graphicx 2014/10/28 v1.0g Enhanced LaTeX Graphics (DPC,SPQR)

(/usr/local/texlive/2017/texmf-dist/tex/latex/graphics/keyval.sty
Package: keyval 2014/10/28 v1.15 key=value parser (DPC)
\KV@toks@=\toks14
)
(/usr/local/texlive/2017/texmf-dist/tex/latex/graphics/graphics.sty
Package: graphics 2017/04/14 v1.1b Standard LaTeX Graphics (DPC,SPQR)

(/usr/local/texlive/2017/texmf-dist/tex/latex/graphics/trig.sty
Package: trig 2016/01/03 v1.10 sin cos tan (DPC)
)
(/usr/local/texlive/2017/texmf-dist/tex/latex/graphics-cfg/graphics.cfg
File: graphics.cfg 2016/06/04 v1.11 sample graphics configuration
)
Package graphics Info: Driver file: pdftex.def on input line 99.

(/usr/local/texlive/2017/texmf-dist/tex/latex/graphics-def/pdftex.def
File: pdftex.def 2017/01/12 v0.06k Graphics/color for pdfTeX

(/usr/local/texlive/2017/texmf-dist/tex/generic/oberdiek/infwarerr.sty
Package: infwarerr 2016/05/16 v1.4 Providing info/warning/error messages (HO)
)
(/usr/local/texlive/2017/texmf-dist/tex/generic/oberdiek/ltxcmds.sty
Package: ltxcmds 2016/05/16 v1.23 LaTeX kernel commands for general use (HO)
)
\Gread@gobject=\count87
))
\Gin@req@height=\dimen103
\Gin@req@width=\dimen104
)
(/usr/local/texlive/2017/texmf-dist/tex/latex/pgf/frontendlayer/tikz.sty
(/usr/local/texlive/2017/texmf-dist/tex/latex/pgf/basiclayer/pgf.sty
(/usr/local/texlive/2017/texmf-dist/tex/latex/pgf/utilities/pgfrcs.sty
(/usr/local/texlive/2017/texmf-dist/tex/generic/pgf/utilities/pgfutil-common.te
x
\pgfutil@everybye=\toks15
\pgfutil@tempdima=\dimen105
\pgfutil@tempdimb=\dimen106

(/usr/local/texlive/2017/texmf-dist/tex/generic/pgf/utilities/pgfutil-common-li
sts.tex))
(/usr/local/texlive/2017/texmf-dist/tex/generic/pgf/utilities/pgfutil-latex.def
\pgfutil@abb=\box26
(/usr/local/texlive/2017/texmf-dist/tex/latex/ms/everyshi.sty
Package: everyshi 2001/05/15 v3.00 EveryShipout Package (MS)
))
(/usr/local/texlive/2017/texmf-dist/tex/generic/pgf/utilities/pgfrcs.code.tex
Package: pgfrcs 2015/08/07 v3.0.1a (rcs-revision 1.31)
))
Package: pgf 2015/08/07 v3.0.1a (rcs-revision 1.15)
(/usr/local/texlive/2017/texmf-dist/tex/latex/pgf/basiclayer/pgfcore.sty
(/usr/local/texlive/2017/texmf-dist/tex/latex/pgf/systemlayer/pgfsys.sty
(/usr/local/texlive/2017/texmf-dist/tex/generic/pgf/systemlayer/pgfsys.code.tex
Package: pgfsys 2014/07/09 v3.0.1a (rcs-revision 1.48)
(/usr/local/texlive/2017/texmf-dist/tex/generic/pgf/utilities/pgfkeys.code.tex
\pgfkeys@pathtoks=\toks16
\pgfkeys@temptoks=\toks17

(/usr/local/texlive/2017/texmf-dist/tex/generic/pgf/utilities/pgfkeysfiltered.c
ode.tex
\pgfkeys@tmptoks=\toks18
))
\pgf@x=\dimen107
\pgf@y=\dimen108
\pgf@xa=\dimen109
\pgf@ya=\dimen110
\pgf@xb=\dimen111
\pgf@yb=\dimen112
\pgf@xc=\dimen113
\pgf@yc=\dimen114
\w@pgf@writea=\write3
\r@pgf@reada=\read1
\c@pgf@counta=\count88
\c@pgf@countb=\count89
\c@pgf@countc=\count90
\c@pgf@countd=\count91
\t@pgf@toka=\toks19
\t@pgf@tokb=\toks20
\t@pgf@tokc=\toks21

(/usr/local/texlive/2017/texmf-dist/tex/generic/pgf/systemlayer/pgf.cfg
File: pgf.cfg 2008/05/14  (rcs-revision 1.7)
)
Driver file for pgf: pgfsys-pdftex.def

(/usr/local/texlive/2017/texmf-dist/tex/generic/pgf/systemlayer/pgfsys-pdftex.d
ef
File: pgfsys-pdftex.def 2014/10/11  (rcs-revision 1.35)

(/usr/local/texlive/2017/texmf-dist/tex/generic/pgf/systemlayer/pgfsys-common-p
df.def
File: pgfsys-common-pdf.def 2013/10/10  (rcs-revision 1.13)
)))
(/usr/local/texlive/2017/texmf-dist/tex/generic/pgf/systemlayer/pgfsyssoftpath.
code.tex
File: pgfsyssoftpath.code.tex 2013/09/09  (rcs-revision 1.9)
\pgfsyssoftpath@smallbuffer@items=\count92
\pgfsyssoftpath@bigbuffer@items=\count93
)
(/usr/local/texlive/2017/texmf-dist/tex/generic/pgf/systemlayer/pgfsysprotocol.
code.tex
File: pgfsysprotocol.code.tex 2006/10/16  (rcs-revision 1.4)
)) (/usr/local/texlive/2017/texmf-dist/tex/latex/xcolor/xcolor.sty
Package: xcolor 2016/05/11 v2.12 LaTeX color extensions (UK)

(/usr/local/texlive/2017/texmf-dist/tex/latex/graphics-cfg/color.cfg
File: color.cfg 2016/01/02 v1.6 sample color configuration
)
Package xcolor Info: Driver file: pdftex.def on input line 225.
Package xcolor Info: Model `cmy' substituted by `cmy0' on input line 1348.
Package xcolor Info: Model `hsb' substituted by `rgb' on input line 1352.
Package xcolor Info: Model `RGB' extended on input line 1364.
Package xcolor Info: Model `HTML' substituted by `rgb' on input line 1366.
Package xcolor Info: Model `Hsb' substituted by `hsb' on input line 1367.
Package xcolor Info: Model `tHsb' substituted by `hsb' on input line 1368.
Package xcolor Info: Model `HSB' substituted by `hsb' on input line 1369.
Package xcolor Info: Model `Gray' substituted by `gray' on input line 1370.
Package xcolor Info: Model `wave' substituted by `hsb' on input line 1371.
)
(/usr/local/texlive/2017/texmf-dist/tex/generic/pgf/basiclayer/pgfcore.code.tex
Package: pgfcore 2010/04/11 v3.0.1a (rcs-revision 1.7)
(/usr/local/texlive/2017/texmf-dist/tex/generic/pgf/math/pgfmath.code.tex
(/usr/local/texlive/2017/texmf-dist/tex/generic/pgf/math/pgfmathcalc.code.tex
(/usr/local/texlive/2017/texmf-dist/tex/generic/pgf/math/pgfmathutil.code.tex)
(/usr/local/texlive/2017/texmf-dist/tex/generic/pgf/math/pgfmathparser.code.tex
\pgfmath@dimen=\dimen115
\pgfmath@count=\count94
\pgfmath@box=\box27
\pgfmath@toks=\toks22
\pgfmath@stack@operand=\toks23
\pgfmath@stack@operation=\toks24
)
(/usr/local/texlive/2017/texmf-dist/tex/generic/pgf/math/pgfmathfunctions.code.
tex
(/usr/local/texlive/2017/texmf-dist/tex/generic/pgf/math/pgfmathfunctions.basic
.code.tex)
(/usr/local/texlive/2017/texmf-dist/tex/generic/pgf/math/pgfmathfunctions.trigo
nometric.code.tex)
(/usr/local/texlive/2017/texmf-dist/tex/generic/pgf/math/pgfmathfunctions.rando
m.code.tex)
(/usr/local/texlive/2017/texmf-dist/tex/generic/pgf/math/pgfmathfunctions.compa
rison.code.tex)
(/usr/local/texlive/2017/texmf-dist/tex/generic/pgf/math/pgfmathfunctions.base.
code.tex)
(/usr/local/texlive/2017/texmf-dist/tex/generic/pgf/math/pgfmathfunctions.round
.code.tex)
(/usr/local/texlive/2017/texmf-dist/tex/generic/pgf/math/pgfmathfunctions.misc.
code.tex)
(/usr/local/texlive/2017/texmf-dist/tex/generic/pgf/math/pgfmathfunctions.integ
erarithmetics.code.tex)))
(/usr/local/texlive/2017/texmf-dist/tex/generic/pgf/math/pgfmathfloat.code.tex
\c@pgfmathroundto@lastzeros=\count95
))
(/usr/local/texlive/2017/texmf-dist/tex/generic/pgf/basiclayer/pgfcorepoints.co
de.tex
File: pgfcorepoints.code.tex 2013/10/07  (rcs-revision 1.27)
\pgf@picminx=\dimen116
\pgf@picmaxx=\dimen117
\pgf@picminy=\dimen118
\pgf@picmaxy=\dimen119
\pgf@pathminx=\dimen120
\pgf@pathmaxx=\dimen121
\pgf@pathminy=\dimen122
\pgf@pathmaxy=\dimen123
\pgf@xx=\dimen124
\pgf@xy=\dimen125
\pgf@yx=\dimen126
\pgf@yy=\dimen127
\pgf@zx=\dimen128
\pgf@zy=\dimen129
)
(/usr/local/texlive/2017/texmf-dist/tex/generic/pgf/basiclayer/pgfcorepathconst
ruct.code.tex
File: pgfcorepathconstruct.code.tex 2013/10/07  (rcs-revision 1.29)
\pgf@path@lastx=\dimen130
\pgf@path@lasty=\dimen131
)
(/usr/local/texlive/2017/texmf-dist/tex/generic/pgf/basiclayer/pgfcorepathusage
.code.tex
File: pgfcorepathusage.code.tex 2014/11/02  (rcs-revision 1.24)
\pgf@shorten@end@additional=\dimen132
\pgf@shorten@start@additional=\dimen133
)
(/usr/local/texlive/2017/texmf-dist/tex/generic/pgf/basiclayer/pgfcorescopes.co
de.tex
File: pgfcorescopes.code.tex 2015/05/08  (rcs-revision 1.46)
\pgfpic=\box28
\pgf@hbox=\box29
\pgf@layerbox@main=\box30
\pgf@picture@serial@count=\count96
)
(/usr/local/texlive/2017/texmf-dist/tex/generic/pgf/basiclayer/pgfcoregraphicst
ate.code.tex
File: pgfcoregraphicstate.code.tex 2014/11/02  (rcs-revision 1.12)
\pgflinewidth=\dimen134
)
(/usr/local/texlive/2017/texmf-dist/tex/generic/pgf/basiclayer/pgfcoretransform
ations.code.tex
File: pgfcoretransformations.code.tex 2015/08/07  (rcs-revision 1.20)
\pgf@pt@x=\dimen135
\pgf@pt@y=\dimen136
\pgf@pt@temp=\dimen137
)
(/usr/local/texlive/2017/texmf-dist/tex/generic/pgf/basiclayer/pgfcorequick.cod
e.tex
File: pgfcorequick.code.tex 2008/10/09  (rcs-revision 1.3)
)
(/usr/local/texlive/2017/texmf-dist/tex/generic/pgf/basiclayer/pgfcoreobjects.c
ode.tex
File: pgfcoreobjects.code.tex 2006/10/11  (rcs-revision 1.2)
)
(/usr/local/texlive/2017/texmf-dist/tex/generic/pgf/basiclayer/pgfcorepathproce
ssing.code.tex
File: pgfcorepathprocessing.code.tex 2013/09/09  (rcs-revision 1.9)
)
(/usr/local/texlive/2017/texmf-dist/tex/generic/pgf/basiclayer/pgfcorearrows.co
de.tex
File: pgfcorearrows.code.tex 2015/05/14  (rcs-revision 1.43)
\pgfarrowsep=\dimen138
)
(/usr/local/texlive/2017/texmf-dist/tex/generic/pgf/basiclayer/pgfcoreshade.cod
e.tex
File: pgfcoreshade.code.tex 2013/07/15  (rcs-revision 1.15)
\pgf@max=\dimen139
\pgf@sys@shading@range@num=\count97
)
(/usr/local/texlive/2017/texmf-dist/tex/generic/pgf/basiclayer/pgfcoreimage.cod
e.tex
File: pgfcoreimage.code.tex 2013/07/15  (rcs-revision 1.18)

(/usr/local/texlive/2017/texmf-dist/tex/generic/pgf/basiclayer/pgfcoreexternal.
code.tex
File: pgfcoreexternal.code.tex 2014/07/09  (rcs-revision 1.21)
\pgfexternal@startupbox=\box31
))
(/usr/local/texlive/2017/texmf-dist/tex/generic/pgf/basiclayer/pgfcorelayers.co
de.tex
File: pgfcorelayers.code.tex 2013/07/18  (rcs-revision 1.7)
)
(/usr/local/texlive/2017/texmf-dist/tex/generic/pgf/basiclayer/pgfcoretranspare
ncy.code.tex
File: pgfcoretransparency.code.tex 2013/09/30  (rcs-revision 1.5)
)
(/usr/local/texlive/2017/texmf-dist/tex/generic/pgf/basiclayer/pgfcorepatterns.
code.tex
File: pgfcorepatterns.code.tex 2013/11/07  (rcs-revision 1.5)
)))
(/usr/local/texlive/2017/texmf-dist/tex/generic/pgf/modules/pgfmoduleshapes.cod
e.tex
File: pgfmoduleshapes.code.tex 2014/03/21  (rcs-revision 1.35)
\pgfnodeparttextbox=\box32
)
(/usr/local/texlive/2017/texmf-dist/tex/generic/pgf/modules/pgfmoduleplot.code.
tex
File: pgfmoduleplot.code.tex 2015/08/03  (rcs-revision 1.13)
)
(/usr/local/texlive/2017/texmf-dist/tex/latex/pgf/compatibility/pgfcomp-version
-0-65.sty
Package: pgfcomp-version-0-65 2007/07/03 v3.0.1a (rcs-revision 1.7)
\pgf@nodesepstart=\dimen140
\pgf@nodesepend=\dimen141
)
(/usr/local/texlive/2017/texmf-dist/tex/latex/pgf/compatibility/pgfcomp-version
-1-18.sty
Package: pgfcomp-version-1-18 2007/07/23 v3.0.1a (rcs-revision 1.1)
))
(/usr/local/texlive/2017/texmf-dist/tex/latex/pgf/utilities/pgffor.sty
(/usr/local/texlive/2017/texmf-dist/tex/latex/pgf/utilities/pgfkeys.sty
(/usr/local/texlive/2017/texmf-dist/tex/generic/pgf/utilities/pgfkeys.code.tex)
) (/usr/local/texlive/2017/texmf-dist/tex/latex/pgf/math/pgfmath.sty
(/usr/local/texlive/2017/texmf-dist/tex/generic/pgf/math/pgfmath.code.tex))
(/usr/local/texlive/2017/texmf-dist/tex/generic/pgf/utilities/pgffor.code.tex
Package: pgffor 2013/12/13 v3.0.1a (rcs-revision 1.25)

(/usr/local/texlive/2017/texmf-dist/tex/generic/pgf/math/pgfmath.code.tex)
\pgffor@iter=\dimen142
\pgffor@skip=\dimen143
\pgffor@stack=\toks25
\pgffor@toks=\toks26
))
(/usr/local/texlive/2017/texmf-dist/tex/generic/pgf/frontendlayer/tikz/tikz.cod
e.tex
Package: tikz 2015/08/07 v3.0.1a (rcs-revision 1.151)

(/usr/local/texlive/2017/texmf-dist/tex/generic/pgf/libraries/pgflibraryplothan
dlers.code.tex
File: pgflibraryplothandlers.code.tex 2013/08/31 v3.0.1a (rcs-revision 1.20)
\pgf@plot@mark@count=\count98
\pgfplotmarksize=\dimen144
)
\tikz@lastx=\dimen145
\tikz@lasty=\dimen146
\tikz@lastxsaved=\dimen147
\tikz@lastysaved=\dimen148
\tikzleveldistance=\dimen149
\tikzsiblingdistance=\dimen150
\tikz@figbox=\box33
\tikz@figbox@bg=\box34
\tikz@tempbox=\box35
\tikz@tempbox@bg=\box36
\tikztreelevel=\count99
\tikznumberofchildren=\count100
\tikznumberofcurrentchild=\count101
\tikz@fig@count=\count102

(/usr/local/texlive/2017/texmf-dist/tex/generic/pgf/modules/pgfmodulematrix.cod
e.tex
File: pgfmodulematrix.code.tex 2013/09/17  (rcs-revision 1.8)
\pgfmatrixcurrentrow=\count103
\pgfmatrixcurrentcolumn=\count104
\pgf@matrix@numberofcolumns=\count105
)
\tikz@expandcount=\count106

(/usr/local/texlive/2017/texmf-dist/tex/generic/pgf/frontendlayer/tikz/librarie
s/tikzlibrarytopaths.code.tex
File: tikzlibrarytopaths.code.tex 2008/06/17 v3.0.1a (rcs-revision 1.2)
)))
(/usr/local/texlive/2017/texmf-dist/tex/generic/pgf/frontendlayer/tikz/librarie
s/tikzlibrarymatrix.code.tex
File: tikzlibrarymatrix.code.tex 2013/07/12 v3.0.1a (rcs-revision 1.4)
)
(/usr/local/texlive/2017/texmf-dist/tex/generic/pgf/frontendlayer/tikz/librarie
s/tikzlibrarycalc.code.tex
File: tikzlibrarycalc.code.tex 2013/07/15 v3.0.1a (rcs-revision 1.9)
)
(/usr/local/texlive/2017/texmf-dist/tex/latex/fancyhdr/fancyhdr.sty
Package: fancyhdr 2016/09/06 3.8 Extensive control of page headers and footers
\fancy@headwidth=\skip43
\f@ncyO@elh=\skip44
\f@ncyO@erh=\skip45
\f@ncyO@olh=\skip46
\f@ncyO@orh=\skip47
\f@ncyO@elf=\skip48
\f@ncyO@erf=\skip49
\f@ncyO@olf=\skip50
\f@ncyO@orf=\skip51
)
(/usr/local/texlive/2017/texmf-dist/tex/latex/lastpage/lastpage.sty
Package: lastpage 2015/03/29 v1.2m Refers to last page's name (HMM; JPG)
)
(/usr/local/texlive/2017/texmf-dist/tex/latex/float/float.sty
Package: float 2001/11/08 v1.3d Float enhancements (AL)
\c@float@type=\count107
\float@exts=\toks27
\float@box=\box37
\@float@everytoks=\toks28
\@floatcapt=\box38
)
(/usr/local/texlive/2017/texmf-dist/tex/latex/amsmath/amsmath.sty
Package: amsmath 2016/11/05 v2.16a AMS math features
\@mathmargin=\skip52

For additional information on amsmath, use the `?' option.
(/usr/local/texlive/2017/texmf-dist/tex/latex/amsmath/amstext.sty
Package: amstext 2000/06/29 v2.01 AMS text

(/usr/local/texlive/2017/texmf-dist/tex/latex/amsmath/amsgen.sty
File: amsgen.sty 1999/11/30 v2.0 generic functions
\@emptytoks=\toks29
\ex@=\dimen151
))
(/usr/local/texlive/2017/texmf-dist/tex/latex/amsmath/amsbsy.sty
Package: amsbsy 1999/11/29 v1.2d Bold Symbols
\pmbraise@=\dimen152
)
(/usr/local/texlive/2017/texmf-dist/tex/latex/amsmath/amsopn.sty
Package: amsopn 2016/03/08 v2.02 operator names
)
\inf@bad=\count108
LaTeX Info: Redefining \frac on input line 213.
\uproot@=\count109
\leftroot@=\count110
LaTeX Info: Redefining \overline on input line 375.
\classnum@=\count111
\DOTSCASE@=\count112
LaTeX Info: Redefining \ldots on input line 472.
LaTeX Info: Redefining \dots on input line 475.
LaTeX Info: Redefining \cdots on input line 596.
\Mathstrutbox@=\box39
\strutbox@=\box40
\big@size=\dimen153
LaTeX Font Info:    Redeclaring font encoding OML on input line 712.
LaTeX Font Info:    Redeclaring font encoding OMS on input line 713.
\macc@depth=\count113
\c@MaxMatrixCols=\count114
\dotsspace@=\muskip10
\c@parentequation=\count115
\dspbrk@lvl=\count116
\tag@help=\toks30
\row@=\count117
\column@=\count118
\maxfields@=\count119
\andhelp@=\toks31
\eqnshift@=\dimen154
\alignsep@=\dimen155
\tagshift@=\dimen156
\tagwidth@=\dimen157
\totwidth@=\dimen158
\lineht@=\dimen159
\@envbody=\toks32
\multlinegap=\skip53
\multlinetaggap=\skip54
\mathdisplay@stack=\toks33
LaTeX Info: Redefining \[ on input line 2817.
LaTeX Info: Redefining \] on input line 2818.
)
(/usr/local/texlive/2017/texmf-dist/tex/latex/tools/enumerate.sty
Package: enumerate 2015/07/23 v3.00 enumerate extensions (DPC)
\@enLab=\toks34
)
(/usr/local/texlive/2017/texmf-dist/tex/latex/oberdiek/letltxmacro.sty
Package: letltxmacro 2016/05/16 v1.5 Let assignment for LaTeX macros (HO)
)
(/usr/local/texlive/2017/texmf-dist/tex/latex/enumitem/enumitem.sty
Package: enumitem 2011/09/28 v3.5.2 Customized lists
\labelindent=\skip55
\enit@outerparindent=\dimen160
\enit@toks=\toks35
\enit@inbox=\box41
\enitdp@description=\count120
)
(/usr/local/texlive/2017/texmf-dist/tex/latex/tools/verbatim.sty
Package: verbatim 2014/10/28 v1.5q LaTeX2e package for verbatim enhancements
\every@verbatim=\toks36
\verbatim@line=\toks37
\verbatim@in@stream=\read2
)
(/usr/local/texlive/2017/texmf-dist/tex/generic/babel/babel.sty
Package: babel 2017/05/19 3.10 The Babel package

(/usr/local/texlive/2017/texmf-dist/tex/generic/babel-english/english.ldf
Language: english 2017/01/24 v3.3q English support from the babel system

(/usr/local/texlive/2017/texmf-dist/tex/generic/babel/babel.def
File: babel.def 2017/05/19 3.10 Babel common definitions
\babel@savecnt=\count121
\U@D=\dimen161
)
\l@canadian = a dialect from \language\l@american 
\l@australian = a dialect from \language\l@british 
\l@newzealand = a dialect from \language\l@british 
))
(/usr/local/texlive/2017/texmf-dist/tex/latex/blindtext/blindtext.sty
Package: blindtext 2012/01/06 V2.0 blindtext-Package

(/usr/local/texlive/2017/texmf-dist/tex/latex/tools/xspace.sty
Package: xspace 2014/10/28 v1.13 Space after command names (DPC,MH)
)
\c@blindtext=\count122
\c@Blindtext=\count123
\c@blind@countparstart=\count124
\blind@countxx=\count125
\blindtext@numBlindtext=\count126
\blind@countyy=\count127
\c@blindlist=\count128
\c@blindlistlevel=\count129
\c@blindlist@level=\count130
\blind@listitem=\count131
\c@blind@listcount=\count132
\c@blind@levelcount=\count133
\blind@mathformula=\count134
\blind@Mathformula=\count135
\c@blind@randomcount=\count136
\c@blind@randommax=\count137
\c@blind@pangramcount=\count138
\c@blind@pangrammax=\count139
)
(/usr/local/texlive/2017/texmf-dist/tex/latex/varwidth/varwidth.sty
Package: varwidth 2009/03/30 ver 0.92;  Variable-width minipages
\@vwid@box=\box42
\sift@deathcycles=\count140
\@vwid@loff=\dimen162
\@vwid@roff=\dimen163
)
(/usr/local/texlive/2017/texmf-dist/tex/latex/booktabs/booktabs.sty
Package: booktabs 2016/04/27 v1.618033 publication quality tables
\heavyrulewidth=\dimen164
\lightrulewidth=\dimen165
\cmidrulewidth=\dimen166
\belowrulesep=\dimen167
\belowbottomsep=\dimen168
\aboverulesep=\dimen169
\abovetopsep=\dimen170
\cmidrulesep=\dimen171
\cmidrulekern=\dimen172
\defaultaddspace=\dimen173
\@cmidla=\count141
\@cmidlb=\count142
\@aboverulesep=\dimen174
\@belowrulesep=\dimen175
\@thisruleclass=\count143
\@lastruleclass=\count144
\@thisrulewidth=\dimen176
)
(/usr/local/texlive/2017/texmf-dist/tex/latex/tools/tabularx.sty
Package: tabularx 2016/02/03 v2.11 `tabularx' package (DPC)

(/usr/local/texlive/2017/texmf-dist/tex/latex/tools/array.sty
Package: array 2016/10/06 v2.4d Tabular extension package (FMi)
\col@sep=\dimen177
\extrarowheight=\dimen178
\NC@list=\toks38
\extratabsurround=\skip56
\backup@length=\skip57
)
\TX@col@width=\dimen179
\TX@old@table=\dimen180
\TX@old@col=\dimen181
\TX@target=\dimen182
\TX@delta=\dimen183
\TX@cols=\count145
\TX@ftn=\toks39
)
(/usr/local/texlive/2017/texmf-dist/tex/latex/tools/bm.sty
Package: bm 2017/01/16 v1.2c Bold Symbol Support (DPC/FMi)
\symboldoperators=\mathgroup4
\symboldletters=\mathgroup5
\symboldsymbols=\mathgroup6
LaTeX Font Info:    Redeclaring math alphabet \mathbf on input line 141.
LaTeX Info: Redefining \bm on input line 207.
)
(/usr/local/texlive/2017/texmf-dist/tex/latex/pgfornament/pgfornament.sty
(/usr/local/texlive/2017/texmf-dist/tex/latex/pgfopts/pgfopts.sty
Package: pgfopts 2014/07/10 v2.1a LaTeX package options with pgfkeys
\pgfopts@list@add@a@toks=\toks40
\pgfopts@list@add@b@toks=\toks41
)
Package: pgfornament 2016/03/05 v0.21 vector ornaments

(/usr/local/texlive/2017/texmf-dist/tex/latex/pgfornament/pgflibraryvectorian.c
ode.tex))
(/usr/local/texlive/2017/texmf-dist/tex/latex/tikzpagenodes/tikzpagenodes.sty
Package: tikzpagenodes 2012/09/16 v1.1 Special PGF/TikZ nodes for areas of the 
page

(/usr/local/texlive/2017/texmf-dist/tex/latex/ifoddpage/ifoddpage.sty
Package: ifoddpage 2016/04/23 v1.1 Conditionals for odd/even page detection
\c@checkoddpage=\count146
))
(/usr/local/texlive/2017/texmf-dist/tex/latex/lipsum/lipsum.sty
Package: lipsum 2014/07/27 v1.3 150 paragraphs of Lorem Ipsum dummy text
\c@lips@count=\count147
)
(/usr/local/texlive/2017/texmf-dist/tex/latex/oberdiek/pdflscape.sty
Package: pdflscape 2016/05/14 v0.11 Display of landscape pages in PDF (HO)

(/usr/local/texlive/2017/texmf-dist/tex/latex/graphics/lscape.sty
Package: lscape 2000/10/22 v3.01 Landscape Pages (DPC)
)
(/usr/local/texlive/2017/texmf-dist/tex/generic/oberdiek/ifpdf.sty
Package: ifpdf 2017/03/15 v3.2 Provides the ifpdf switch
)
Package pdflscape Info: Auto-detected driver: pdftex on input line 81.

(/usr/local/texlive/2017/texmf-dist/tex/generic/ifxetex/ifxetex.sty
Package: ifxetex 2010/09/12 v0.6 Provides ifxetex conditional
))
(/usr/local/texlive/2017/texmf-dist/tex/latex/adjustbox/adjustbox.sty
Package: adjustbox 2012/05/21 v1.0 Adjusting TeX boxes (trim, clip, ...)

(/usr/local/texlive/2017/texmf-dist/tex/latex/xkeyval/xkeyval.sty
Package: xkeyval 2014/12/03 v2.7a package option processing (HA)

(/usr/local/texlive/2017/texmf-dist/tex/generic/xkeyval/xkeyval.tex
(/usr/local/texlive/2017/texmf-dist/tex/generic/xkeyval/xkvutils.tex
\XKV@toks=\toks42
\XKV@tempa@toks=\toks43
)
\XKV@depth=\count148
File: xkeyval.tex 2014/12/03 v2.7a key=value parser (HA)
))
(/usr/local/texlive/2017/texmf-dist/tex/latex/adjustbox/adjcalc.sty
Package: adjcalc 2012/05/16 v1.1 Provides advanced setlength with multiple back
-ends (calc, etex, pgfmath)
)
(/usr/local/texlive/2017/texmf-dist/tex/latex/adjustbox/trimclip.sty
Package: trimclip 2012/05/16 v1.0 Trim and clip general TeX material

(/usr/local/texlive/2017/texmf-dist/tex/latex/collectbox/collectbox.sty
Package: collectbox 2012/05/17 v0.4b Collect macro arguments as boxes
\collectedbox=\box43
)
\tc@llx=\dimen184
\tc@lly=\dimen185
\tc@urx=\dimen186
\tc@ury=\dimen187
Package trimclip Info: Using driver 'tc-pdftex.def'.

(/usr/local/texlive/2017/texmf-dist/tex/latex/adjustbox/tc-pdftex.def
File: tc-pdftex.def 2012/05/13 v1.0 Clipping driver for pdftex
))
\adjbox@Width=\dimen188
\adjbox@Height=\dimen189
\adjbox@Depth=\dimen190
\adjbox@Totalheight=\dimen191
)
(/usr/local/texlive/2017/texmf-dist/tex/latex/abstract/abstract.sty
Package: abstract 2009/06/08 v1.2a configurable abstracts
\abstitleskip=\skip58
\absleftindent=\skip59
\absrightindent=\skip60
\absparindent=\skip61
\absparsep=\skip62
)
(/usr/local/texlive/2017/texmf-dist/tex/latex/setspace/setspace.sty
Package: setspace 2011/12/19 v6.7a set line spacing
)
(/usr/local/texlive/2017/texmf-dist/tex/latex/ms/ragged2e.sty
Package: ragged2e 2009/05/21 v2.1 ragged2e Package (MS)

(/usr/local/texlive/2017/texmf-dist/tex/latex/ms/everysel.sty
Package: everysel 2011/10/28 v1.2 EverySelectfont Package (MS)
)
\CenteringLeftskip=\skip63
\RaggedLeftLeftskip=\skip64
\RaggedRightLeftskip=\skip65
\CenteringRightskip=\skip66
\RaggedLeftRightskip=\skip67
\RaggedRightRightskip=\skip68
\CenteringParfillskip=\skip69
\RaggedLeftParfillskip=\skip70
\RaggedRightParfillskip=\skip71
\JustifyingParfillskip=\skip72
\CenteringParindent=\skip73
\RaggedLeftParindent=\skip74
\RaggedRightParindent=\skip75
\JustifyingParindent=\skip76
)
(/usr/local/texlive/2017/texmf-dist/tex/latex/listings/listings.sty
\lst@mode=\count149
\lst@gtempboxa=\box44
\lst@token=\toks44
\lst@length=\count150
\lst@currlwidth=\dimen192
\lst@column=\count151
\lst@pos=\count152
\lst@lostspace=\dimen193
\lst@width=\dimen194
\lst@newlines=\count153
\lst@lineno=\count154
\lst@maxwidth=\dimen195

(/usr/local/texlive/2017/texmf-dist/tex/latex/listings/lstmisc.sty
File: lstmisc.sty 2015/06/04 1.6 (Carsten Heinz)
\c@lstnumber=\count155
\lst@skipnumbers=\count156
\lst@framebox=\box45
)
(/usr/local/texlive/2017/texmf-dist/tex/latex/listings/listings.cfg
File: listings.cfg 2015/06/04 1.6 listings configuration
))
Package: listings 2015/06/04 1.6 (Carsten Heinz)

(/usr/local/texlive/2017/texmf-dist/tex/latex/fancybox/fancybox.sty
Package: fancybox 2010/05/15 1.4

Style option: `fancybox' v1.4 <2010/05/15> (tvz)
\@fancybox=\box46
\shadowsize=\dimen196
\@Sbox=\box47
\do@VerbBox=\toks45
\the@fancyput=\toks46
\this@fancyput=\toks47
\EndVerbatimTokens=\toks48
\Verbatim@Outfile=\write4
\Verbatim@Infile=\read3
) (/usr/local/texlive/2017/texmf-dist/tex/latex/hyperref/hyperref.sty
Package: hyperref 2017/03/14 v6.85a Hypertext links for LaTeX

(/usr/local/texlive/2017/texmf-dist/tex/generic/oberdiek/hobsub-hyperref.sty
Package: hobsub-hyperref 2016/05/16 v1.14 Bundle oberdiek, subset hyperref (HO)


(/usr/local/texlive/2017/texmf-dist/tex/generic/oberdiek/hobsub-generic.sty
Package: hobsub-generic 2016/05/16 v1.14 Bundle oberdiek, subset generic (HO)
Package: hobsub 2016/05/16 v1.14 Construct package bundles (HO)
Package hobsub Info: Skipping package `infwarerr' (already loaded).
Package hobsub Info: Skipping package `ltxcmds' (already loaded).
Package: ifluatex 2016/05/16 v1.4 Provides the ifluatex switch (HO)
Package ifluatex Info: LuaTeX not detected.
Package: ifvtex 2016/05/16 v1.6 Detect VTeX and its facilities (HO)
Package ifvtex Info: VTeX not detected.
Package: intcalc 2016/05/16 v1.2 Expandable calculations with integers (HO)
Package hobsub Info: Skipping package `ifpdf' (already loaded).
Package: etexcmds 2016/05/16 v1.6 Avoid name clashes with e-TeX commands (HO)
Package etexcmds Info: Could not find \expanded.
(etexcmds)             That can mean that you are not using pdfTeX 1.50 or
(etexcmds)             that some package has redefined \expanded.
(etexcmds)             In the latter case, load this package earlier.
Package: kvsetkeys 2016/05/16 v1.17 Key value parser (HO)
Package: kvdefinekeys 2016/05/16 v1.4 Define keys (HO)
Package: pdftexcmds 2017/03/19 v0.25 Utility functions of pdfTeX for LuaTeX (HO
)
Package pdftexcmds Info: LuaTeX not detected.
Package pdftexcmds Info: \pdf@primitive is available.
Package pdftexcmds Info: \pdf@ifprimitive is available.
Package pdftexcmds Info: \pdfdraftmode found.
Package: pdfescape 2016/05/16 v1.14 Implements pdfTeX's escape features (HO)
Package: bigintcalc 2016/05/16 v1.4 Expandable calculations on big integers (HO
)
Package: bitset 2016/05/16 v1.2 Handle bit-vector datatype (HO)
Package: uniquecounter 2016/05/16 v1.3 Provide unlimited unique counter (HO)
)
Package hobsub Info: Skipping package `hobsub' (already loaded).
Package hobsub Info: Skipping package `letltxmacro' (already loaded).
Package: hopatch 2016/05/16 v1.3 Wrapper for package hooks (HO)
Package: xcolor-patch 2016/05/16 xcolor patch
Package: atveryend 2016/05/16 v1.9 Hooks at the very end of document (HO)
Package atveryend Info: \enddocument detected (standard20110627).
Package: atbegshi 2016/06/09 v1.18 At begin shipout hook (HO)
Package: refcount 2016/05/16 v3.5 Data extraction from label references (HO)
Package: hycolor 2016/05/16 v1.8 Color options for hyperref/bookmark (HO)
)
(/usr/local/texlive/2017/texmf-dist/tex/latex/oberdiek/auxhook.sty
Package: auxhook 2016/05/16 v1.4 Hooks for auxiliary files (HO)
)
(/usr/local/texlive/2017/texmf-dist/tex/latex/oberdiek/kvoptions.sty
Package: kvoptions 2016/05/16 v3.12 Key value format for package options (HO)
)
\@linkdim=\dimen197
\Hy@linkcounter=\count157
\Hy@pagecounter=\count158

(/usr/local/texlive/2017/texmf-dist/tex/latex/hyperref/pd1enc.def
File: pd1enc.def 2017/03/14 v6.85a Hyperref: PDFDocEncoding definition (HO)
)
\Hy@SavedSpaceFactor=\count159

(/usr/local/texlive/2017/texmf-dist/tex/latex/latexconfig/hyperref.cfg
File: hyperref.cfg 2002/06/06 v1.2 hyperref configuration of TeXLive
)
Package hyperref Info: Hyper figures OFF on input line 4498.
Package hyperref Info: Link nesting OFF on input line 4503.
Package hyperref Info: Hyper index ON on input line 4506.
Package hyperref Info: Plain pages OFF on input line 4513.
Package hyperref Info: Backreferencing OFF on input line 4518.
Package hyperref Info: Implicit mode ON; LaTeX internals redefined.
Package hyperref Info: Bookmarks ON on input line 4751.
\c@Hy@tempcnt=\count160

(/usr/local/texlive/2017/texmf-dist/tex/latex/url/url.sty
\Urlmuskip=\muskip11
Package: url 2013/09/16  ver 3.4  Verb mode for urls, etc.
)
LaTeX Info: Redefining \url on input line 5104.
\XeTeXLinkMargin=\dimen198
\Fld@menulength=\count161
\Field@Width=\dimen199
\Fld@charsize=\dimen256
Package hyperref Info: Hyper figures OFF on input line 6358.
Package hyperref Info: Link nesting OFF on input line 6363.
Package hyperref Info: Hyper index ON on input line 6366.
Package hyperref Info: backreferencing OFF on input line 6373.
Package hyperref Info: Link coloring OFF on input line 6378.
Package hyperref Info: Link coloring with OCG OFF on input line 6383.
Package hyperref Info: PDF/A mode OFF on input line 6388.
LaTeX Info: Redefining \ref on input line 6428.
LaTeX Info: Redefining \pageref on input line 6432.
\Hy@abspage=\count162
\c@Item=\count163
\c@Hfootnote=\count164
)

Package hyperref Message: Driver (autodetected): hpdftex.

(/usr/local/texlive/2017/texmf-dist/tex/latex/hyperref/hpdftex.def
File: hpdftex.def 2017/03/14 v6.85a Hyperref driver for pdfTeX
\Fld@listcount=\count165
\c@bookmark@seq@number=\count166

(/usr/local/texlive/2017/texmf-dist/tex/latex/oberdiek/rerunfilecheck.sty
Package: rerunfilecheck 2016/05/16 v1.8 Rerun checks for auxiliary files (HO)
Package uniquecounter Info: New unique counter `rerunfilecheck' on input line 2
82.
)
\Hy@SectionHShift=\skip77
)
(/usr/local/texlive/2017/texmf-dist/tex/latex/fontawesome/fontawesome.sty
Package: fontawesome 2016/05/15 v4.6.3.1 font awesome icons

(/usr/local/texlive/2017/texmf-dist/tex/latex/fontawesome/fontawesomesymbols-ge
neric.tex)
(/usr/local/texlive/2017/texmf-dist/tex/latex/fontawesome/fontawesomesymbols-pd
ftex.tex)) (/usr/local/texlive/2017/texmf-dist/tex/latex/caption/subcaption.sty
Package: subcaption 2016/05/22 v1.1-161 Sub-captions (AR)
(/usr/local/texlive/2017/texmf-dist/tex/latex/caption/caption.sty
Package: caption 2016/02/21 v3.3-144 Customizing captions (AR)

(/usr/local/texlive/2017/texmf-dist/tex/latex/caption/caption3.sty
Package: caption3 2016/05/22 v1.7-166 caption3 kernel (AR)
Package caption3 Info: TeX engine: e-TeX on input line 67.
\captionmargin=\dimen257
\captionmargin@=\dimen258
\captionwidth=\dimen259
\caption@tempdima=\dimen260
\caption@indent=\dimen261
\caption@parindent=\dimen262
\caption@hangindent=\dimen263
)
\c@ContinuedFloat=\count167
Package caption Info: float package is loaded.
Package caption Info: hyperref package is loaded.
Package caption Info: listings package is loaded.
)
\c@subfigure=\count168
\c@subtable=\count169
)
(/usr/local/texlive/2017/texmf-dist/tex/generic/pgf/frontendlayer/tikz/librarie
s/tikzlibraryarrows.code.tex
File: tikzlibraryarrows.code.tex 2008/01/09 v3.0.1a (rcs-revision 1.1)

(/usr/local/texlive/2017/texmf-dist/tex/generic/pgf/libraries/pgflibraryarrows.
code.tex
File: pgflibraryarrows.code.tex 2013/09/23 v3.0.1a (rcs-revision 1.16)
\arrowsize=\dimen264
))
(/usr/local/texlive/2017/texmf-dist/tex/generic/pgf/frontendlayer/tikz/librarie
s/tikzlibrarypositioning.code.tex
File: tikzlibrarypositioning.code.tex 2008/10/06 v3.0.1a (rcs-revision 1.7)
)
(/usr/local/texlive/2017/texmf-dist/tex/generic/pgf/frontendlayer/tikz/librarie
s/tikzlibraryautomata.code.tex
File: tikzlibraryautomata.code.tex 2008/07/14 v3.0.1a (rcs-revision 1.3)

(/usr/local/texlive/2017/texmf-dist/tex/generic/pgf/frontendlayer/tikz/librarie
s/tikzlibraryshapes.multipart.code.tex
File: tikzlibraryshapes.multipart.code.tex 2008/01/09 v3.0.1a (rcs-revision 1.1
)

(/usr/local/texlive/2017/texmf-dist/tex/generic/pgf/libraries/shapes/pgflibrary
shapes.multipart.code.tex
File: pgflibraryshapes.multipart.code.tex 2010/01/07 v3.0.1a (rcs-revision 1.2)

\pgfnodepartlowerbox=\box48
\pgfnodeparttwobox=\box49
\pgfnodepartthreebox=\box50
\pgfnodepartfourbox=\box51
\pgfnodeparttwentybox=\box52
\pgfnodepartnineteenbox=\box53
\pgfnodeparteighteenbox=\box54
\pgfnodepartseventeenbox=\box55
\pgfnodepartsixteenbox=\box56
\pgfnodepartfifteenbox=\box57
\pgfnodepartfourteenbox=\box58
\pgfnodepartthirteenbox=\box59
\pgfnodeparttwelvebox=\box60
\pgfnodepartelevenbox=\box61
\pgfnodeparttenbox=\box62
\pgfnodepartninebox=\box63
\pgfnodeparteightbox=\box64
\pgfnodepartsevenbox=\box65
\pgfnodepartsixbox=\box66
\pgfnodepartfivebox=\box67
)))
(/usr/local/texlive/2017/texmf-dist/tex/latex/tkz-graph/tkz-graph.sty
Package: tkz-graph 2011/06/01 ctan v 1.00 base for graphs

(/usr/local/texlive/2017/texmf-dist/tex/latex/etex-pkg/etex.sty
Package: etex 2016/08/01 v2.7 eTeX basic definition package (PEB,DPC)


Package etex Warning: Extended allocation already in use.
(etex)                etex.sty code will not be used.
(etex)                To force etex package to load, add
(etex)                \RequirePackage{etex}
(etex)                at the start of the document.

) (/usr/local/texlive/2017/texmf-dist/tex/latex/base/ifthen.sty
Package: ifthen 2014/09/29 v1.1c Standard LaTeX ifthen package (DPC)
)
\c@tkz@gr@a=\count170
\c@tkz@gr@b=\count171
\c@tkz@gr@c=\count172
\c@tkz@gr@e=\count173
\c@tkz@gr@d=\count174
\c@tkz@gr@p=\count175
\c@tkz@gr@i=\count176
\c@tkz@gr@n=\count177
\c@tkz@gr@ta=\count178
\c@tkz@gr@tb=\count179
)
(/usr/local/texlive/2017/texmf-dist/tex/latex/amsfonts/amsfonts.sty
Package: amsfonts 2013/01/14 v3.01 Basic AMSFonts support
\symAMSa=\mathgroup7
\symAMSb=\mathgroup8
LaTeX Font Info:    Overwriting math alphabet `\mathfrak' in version `bold'
(Font)                  U/euf/m/n --> U/euf/b/n on input line 106.
)
(/usr/local/texlive/2017/texmf-dist/tex/latex/appendix/appendix.sty
Package: appendix 2009/09/02 v1.2b extra appendix facilities
\c@@pps=\count180
\c@@ppsavesec=\count181
\c@@ppsaveapp=\count182
)
(/usr/local/texlive/2017/texmf-dist/tex/latex/was/gensymb.sty
Package: gensymb 2003/07/02 v1.0 (WaS)
)
(/usr/local/texlive/2017/texmf-dist/tex/latex/geometry/geometry.sty
Package: geometry 2010/09/12 v5.6 Page Geometry
\Gm@cnth=\count183
\Gm@cntv=\count184
\c@Gm@tempcnt=\count185
\Gm@bindingoffset=\dimen265
\Gm@wd@mp=\dimen266
\Gm@odd@mp=\dimen267
\Gm@even@mp=\dimen268
\Gm@layoutwidth=\dimen269
\Gm@layoutheight=\dimen270
\Gm@layouthoffset=\dimen271
\Gm@layoutvoffset=\dimen272
\Gm@dimlist=\toks49
)
\FHoffset=\skip78
\FHleft=\skip79
\FHright=\skip80
\FHline=\box68

(./Report.aux)
\openout1 = `Report.aux'.

LaTeX Font Info:    Checking defaults for OML/cmm/m/it on input line 153.
LaTeX Font Info:    ... okay on input line 153.
LaTeX Font Info:    Checking defaults for T1/cmr/m/n on input line 153.
LaTeX Font Info:    ... okay on input line 153.
LaTeX Font Info:    Checking defaults for OT1/cmr/m/n on input line 153.
LaTeX Font Info:    ... okay on input line 153.
LaTeX Font Info:    Checking defaults for OMS/cmsy/m/n on input line 153.
LaTeX Font Info:    ... okay on input line 153.
LaTeX Font Info:    Checking defaults for OMX/cmex/m/n on input line 153.
LaTeX Font Info:    ... okay on input line 153.
LaTeX Font Info:    Checking defaults for U/cmr/m/n on input line 153.
LaTeX Font Info:    ... okay on input line 153.
LaTeX Font Info:    Checking defaults for PD1/pdf/m/n on input line 153.
LaTeX Font Info:    ... okay on input line 153.

(/usr/local/texlive/2017/texmf-dist/tex/context/base/mkii/supp-pdf.mkii
[Loading MPS to PDF converter (version 2006.09.02).]
\scratchcounter=\count186
\scratchdimen=\dimen273
\scratchbox=\box69
\nofMPsegments=\count187
\nofMParguments=\count188
\everyMPshowfont=\toks50
\MPscratchCnt=\count189
\MPscratchDim=\dimen274
\MPnumerator=\count190
\makeMPintoPDFobject=\count191
\everyMPtoPDFconversion=\toks51
) (/usr/local/texlive/2017/texmf-dist/tex/latex/oberdiek/epstopdf-base.sty
Package: epstopdf-base 2016/05/15 v2.6 Base part for package epstopdf

(/usr/local/texlive/2017/texmf-dist/tex/latex/oberdiek/grfext.sty
Package: grfext 2016/05/16 v1.2 Manage graphics extensions (HO)
)
Package epstopdf-base Info: Redefining graphics rule for `.eps' on input line 4
38.
Package grfext Info: Graphics extension search list:
(grfext)             [.png,.pdf,.jpg,.mps,.jpeg,.jbig2,.jb2,.PNG,.PDF,.JPG,.JPE
G,.JBIG2,.JB2,.eps]
(grfext)             \AppendGraphicsExtensions on input line 456.

(/usr/local/texlive/2017/texmf-dist/tex/latex/latexconfig/epstopdf-sys.cfg
File: epstopdf-sys.cfg 2010/07/13 v1.3 Configuration of (r)epstopdf for TeX Liv
e
))
ABD: EveryShipout initializing macros
Package lastpage Info: Please have a look at the pageslts package at
(lastpage)             https://www.ctan.org/pkg/pageslts
(lastpage)             ! on input line 153.
 ABD: EverySelectfont initializing macros
LaTeX Info: Redefining \selectfont on input line 153.
\c@lstlisting=\count192
\AtBeginShipoutBox=\box70
Package hyperref Info: Link coloring OFF on input line 153.

(/usr/local/texlive/2017/texmf-dist/tex/latex/hyperref/nameref.sty
Package: nameref 2016/05/21 v2.44 Cross-referencing by name of section

(/usr/local/texlive/2017/texmf-dist/tex/generic/oberdiek/gettitlestring.sty
Package: gettitlestring 2016/05/16 v1.5 Cleanup title references (HO)
)
\c@section@level=\count193
)
LaTeX Info: Redefining \ref on input line 153.
LaTeX Info: Redefining \pageref on input line 153.
LaTeX Info: Redefining \nameref on input line 153.

(./Report.out) (./Report.out)
\@outlinefile=\write5
\openout5 = `Report.out'.

Package caption Info: Begin \AtBeginDocument code.
Package caption Info: End \AtBeginDocument code.
LaTeX Info: Redefining \celsius on input line 153.
Package gensymb Info: Faking symbols for \degree and \celsius on input line 153
.


Package gensymb Warning: Not defining \perthousand.

LaTeX Info: Redefining \ohm on input line 153.
Package gensymb Info: Using \Omega for \ohm on input line 153.

Package gensymb Warning: Not defining \micro.

*geometry* driver: auto-detecting
*geometry* detected driver: pdftex
*geometry* verbose mode - [ preamble ] result:
* driver: pdftex
* paper: <default>
* layout: <same size as paper>
* layoutoffset:(h,v)=(0.0pt,0.0pt)
* modes: 
* h-part:(L,W,R)=(68.65627pt, 476.98247pt, 68.65627pt)
* v-part:(T,H,B)=(68.65627pt, 657.65746pt, 68.65627pt)
* \paperwidth=614.295pt
* \paperheight=794.96999pt
* \textwidth=476.98247pt
* \textheight=657.65746pt
* \oddsidemargin=-3.61372pt
* \evensidemargin=-3.61372pt
* \topmargin=-40.61372pt
* \headheight=12.0pt
* \headsep=25.0pt
* \topskip=12.0pt
* \footskip=30.0pt
* \marginparwidth=44.0pt
* \marginparsep=10.0pt
* \columnsep=10.0pt
* \skip\footins=10.8pt plus 4.0pt minus 2.0pt
* \hoffset=0.0pt
* \voffset=0.0pt
* \mag=1000
* \@twocolumnfalse
* \@twosidefalse
* \@mparswitchfalse
* \@reversemarginfalse
* (1in=72.27pt=25.4mm, 1cm=28.453pt)

LaTeX Font Info:    Try loading font information for U+msa on input line 156.
(/usr/local/texlive/2017/texmf-dist/tex/latex/amsfonts/umsa.fd
File: umsa.fd 2013/01/14 v3.01 AMS symbols A
)
LaTeX Font Info:    Try loading font information for U+msb on input line 156.

(/usr/local/texlive/2017/texmf-dist/tex/latex/amsfonts/umsb.fd
File: umsb.fd 2013/01/14 v3.01 AMS symbols B
)
<images/rulogo.jpg, id=43, 171.64125pt x 171.64125pt>
File: images/rulogo.jpg Graphic file (type jpg)
 <use images/rulogo.jpg>
Package pdftex.def Info: images/rulogo.jpg used on input line 156.
(pdftex.def)             Requested size: 85.8204pt x 85.8204pt.

[1


{/usr/local/texlive/2017/texmf-var/fonts/map/pdftex/updmap/pdftex.map} <./image
s/rulogo.jpg>] (./Report.toc)
\tf@toc=\write6
\openout6 = `Report.toc'.

 [2] (./Report.lof)
\tf@lof=\write7
\openout7 = `Report.lof'.

 [3] (./Report.lot)
\tf@lot=\write8
\openout8 = `Report.lot'.

 [4]
<images/problemCircuit.png, id=119, 513.41812pt x 286.06876pt>
File: images/problemCircuit.png Graphic file (type png)

<use images/problemCircuit.png>
Package pdftex.def Info: images/problemCircuit.png used on input line 187.
(pdftex.def)             Requested size: 290.08177pt x 161.62914pt.

Underfull \hbox (badness 1028) in paragraph at lines 212--212
[]|\OT1/cmr/m/n/12 Constant volt-age mag-ni-tude bus, $\OML/cmm/m/it/12 V[] \OT
1/cmr/m/n/12 = 15\OML/cmm/m/it/12 kV$\OT1/cmr/m/n/12 , $\OML/cmm/m/it/12 P[] \O
T1/cmr/m/n/12 = 180\OML/cmm/m/it/12 MW$\OT1/cmr/m/n/12 ,
 []


Overfull \hbox (11.77557pt too wide) in paragraph at lines 193--218
 [][] 
 []


(/usr/local/texlive/2017/texmf-dist/tex/generic/pgfornament/vectorian/vectorian
88.pgf)
(/usr/local/texlive/2017/texmf-dist/tex/generic/pgfornament/vectorian/vectorian
88.pgf)

Package Fancyhdr Warning: \headheight is too small (12.0pt): 
 Make it at least 22.83331pt.
 We now make it that large for the rest of the document.
 This may cause the page layout to be inconsistent, however.


(/usr/local/texlive/2017/texmf-dist/tex/generic/pgfornament/vectorian/vectorian
88.pgf)
(/usr/local/texlive/2017/texmf-dist/tex/generic/pgfornament/vectorian/vectorian
88.pgf)pdfTeX warning (ext4): destination with the same identifier (name{page.1
}) has been already used, duplicate ignored
<to be read again> 
                   \relax 
l.220         \newpage
                       [1 <./images/problemCircuit.png>]
(/usr/local/texlive/2017/texmf-dist/tex/generic/pgfornament/vectorian/vectorian
88.pgf)
(/usr/local/texlive/2017/texmf-dist/tex/generic/pgfornament/vectorian/vectorian
88.pgf)
(/usr/local/texlive/2017/texmf-dist/tex/generic/pgfornament/vectorian/vectorian
88.pgf)
(/usr/local/texlive/2017/texmf-dist/tex/generic/pgfornament/vectorian/vectorian
88.pgf)pdfTeX warning (ext4): destination with the same identifier (name{page.2
}) has been already used, duplicate ignored
<to be read again> 
                   \relax 
l.262         $$Q_{Load}=30MVAr$$
                                  [2]
(/usr/local/texlive/2017/texmf-dist/tex/generic/pgfornament/vectorian/vectorian
88.pgf)
(/usr/local/texlive/2017/texmf-dist/tex/generic/pgfornament/vectorian/vectorian
88.pgf)
(/usr/local/texlive/2017/texmf-dist/tex/generic/pgfornament/vectorian/vectorian
88.pgf)
(/usr/local/texlive/2017/texmf-dist/tex/generic/pgfornament/vectorian/vectorian
88.pgf)pdfTeX warning (ext4): destination with the same identifier (name{page.3
}) has been already used, duplicate ignored
<to be read again> 
                   \relax 
l.298 ...(1.6)^2+(10)^2}=\boxed{10.127191\Omega}$$
                                                   [3]
(/usr/local/texlive/2017/texmf-dist/tex/generic/pgfornament/vectorian/vectorian
88.pgf)
(/usr/local/texlive/2017/texmf-dist/tex/generic/pgfornament/vectorian/vectorian
88.pgf)
(/usr/local/texlive/2017/texmf-dist/tex/generic/pgfornament/vectorian/vectorian
88.pgf)
(/usr/local/texlive/2017/texmf-dist/tex/generic/pgfornament/vectorian/vectorian
88.pgf)pdfTeX warning (ext4): destination with the same identifier (name{page.4
}) has been already used, duplicate ignored
<to be read again> 
                   \relax 
l.330 ...VA}{(230kV)^2}\right)=\boxed{0.04786pu}$$
                                                   [4]
<images/oneLine.png, id=144, 858.20625pt x 220.57407pt>
File: images/oneLine.png Graphic file (type png)

<use images/oneLine.png>
Package pdftex.def Info: images/oneLine.png used on input line 341.
(pdftex.def)             Requested size: 429.10208pt x 110.28676pt.

<images/PowerWorld.png, id=145, 1929.2075pt x 1104.125pt>
File: images/PowerWorld.png Graphic file (type png)

<use images/PowerWorld.png>
Package pdftex.def Info: images/PowerWorld.png used on input line 347.
(pdftex.def)             Requested size: 578.76672pt x 331.24005pt.

<<<<<<< HEAD
(/usr/local/texlive/2017/texmf-dist/tex/generic/pgfornament/vectorian/vectorian
88.pgf)
(/usr/local/texlive/2017/texmf-dist/tex/generic/pgfornament/vectorian/vectorian
88.pgf)
(/usr/local/texlive/2017/texmf-dist/tex/generic/pgfornament/vectorian/vectorian
88.pgf)
(/usr/local/texlive/2017/texmf-dist/tex/generic/pgfornament/vectorian/vectorian
88.pgf) [5 <./images/oneLine.png>]
<images/PowerWorldBus1.png, id=141, 2055.68pt x 1056.94875pt>
=======
(c:/texlive/2017/texmf-dist/tex/generic/pgfornament/vectorian/vectorian88.pgf)
(c:/texlive/2017/texmf-dist/tex/generic/pgfornament/vectorian/vectorian88.pgf)
(c:/texlive/2017/texmf-dist/tex/generic/pgfornament/vectorian/vectorian88.pgf)
(c:/texlive/2017/texmf-dist/tex/generic/pgfornament/vectorian/vectorian88.pgf)
[5 <./images/oneLine.png>]
<images/PowerWorldBus1.png, id=151, 2055.68pt x 1056.94875pt>
>>>>>>> Line losses added in
File: images/PowerWorldBus1.png Graphic file (type png)

<use images/PowerWorldBus1.png>
Package pdftex.def Info: images/PowerWorldBus1.png used on input line 353.
(pdftex.def)             Requested size: 513.91875pt x 264.23654pt.

<<<<<<< HEAD
(/usr/local/texlive/2017/texmf-dist/tex/generic/pgfornament/vectorian/vectorian
88.pgf)
(/usr/local/texlive/2017/texmf-dist/tex/generic/pgfornament/vectorian/vectorian
88.pgf)
(/usr/local/texlive/2017/texmf-dist/tex/generic/pgfornament/vectorian/vectorian
88.pgf)
(/usr/local/texlive/2017/texmf-dist/tex/generic/pgfornament/vectorian/vectorian
88.pgf) [6 <./images/PowerWorld.png (PNG copy)>]
<images/PowerWorldBus2.png, id=146, 2055.68pt x 1057.9525pt>
=======
(c:/texlive/2017/texmf-dist/tex/generic/pgfornament/vectorian/vectorian88.pgf)
(c:/texlive/2017/texmf-dist/tex/generic/pgfornament/vectorian/vectorian88.pgf)
(c:/texlive/2017/texmf-dist/tex/generic/pgfornament/vectorian/vectorian88.pgf)
(c:/texlive/2017/texmf-dist/tex/generic/pgfornament/vectorian/vectorian88.pgf)
[6 <./images/PowerWorld.png (PNG copy)>]
<images/PowerWorldBus2.png, id=156, 2055.68pt x 1057.9525pt>
>>>>>>> Line losses added in
File: images/PowerWorldBus2.png Graphic file (type png)

<use images/PowerWorldBus2.png>
Package pdftex.def Info: images/PowerWorldBus2.png used on input line 358.
(pdftex.def)             Requested size: 513.91875pt x 264.48747pt.

<images/PowerWorldBus3.png, id=157, 2055.68pt x 1037.8775pt>
File: images/PowerWorldBus3.png Graphic file (type png)

<use images/PowerWorldBus3.png>
Package pdftex.def Info: images/PowerWorldBus3.png used on input line 363.
(pdftex.def)             Requested size: 513.91875pt x 259.46873pt.

<<<<<<< HEAD
(/usr/local/texlive/2017/texmf-dist/tex/generic/pgfornament/vectorian/vectorian
88.pgf)
(/usr/local/texlive/2017/texmf-dist/tex/generic/pgfornament/vectorian/vectorian
88.pgf)
(/usr/local/texlive/2017/texmf-dist/tex/generic/pgfornament/vectorian/vectorian
88.pgf)
(/usr/local/texlive/2017/texmf-dist/tex/generic/pgfornament/vectorian/vectorian
88.pgf) [7 <./images/PowerWorldBus1.png (PNG copy)> <./images/PowerWorldBus2.pn
g (PNG copy)>] <images/PowerWorldBus4.png, id=152, 2055.68pt x 1056.94875pt>
=======
(c:/texlive/2017/texmf-dist/tex/generic/pgfornament/vectorian/vectorian88.pgf)
(c:/texlive/2017/texmf-dist/tex/generic/pgfornament/vectorian/vectorian88.pgf)
(c:/texlive/2017/texmf-dist/tex/generic/pgfornament/vectorian/vectorian88.pgf)
(c:/texlive/2017/texmf-dist/tex/generic/pgfornament/vectorian/vectorian88.pgf)
[7 <./images/PowerWorldBus1.png (PNG copy)> <./images/PowerWorldBus2.png (PNG c
opy)>] <images/PowerWorldBus4.png, id=162, 2055.68pt x 1056.94875pt>
>>>>>>> Line losses added in
File: images/PowerWorldBus4.png Graphic file (type png)

<use images/PowerWorldBus4.png>
Package pdftex.def Info: images/PowerWorldBus4.png used on input line 368.
(pdftex.def)             Requested size: 513.91875pt x 264.23654pt.

<images/PowerWorldBus5.png, id=163, 2055.68pt x 1048.91875pt>
File: images/PowerWorldBus5.png Graphic file (type png)

<use images/PowerWorldBus5.png>
Package pdftex.def Info: images/PowerWorldBus5.png used on input line 373.
(pdftex.def)             Requested size: 513.91875pt x 262.22903pt.

<<<<<<< HEAD
(/usr/local/texlive/2017/texmf-dist/tex/generic/pgfornament/vectorian/vectorian
88.pgf)
(/usr/local/texlive/2017/texmf-dist/tex/generic/pgfornament/vectorian/vectorian
88.pgf)
(/usr/local/texlive/2017/texmf-dist/tex/generic/pgfornament/vectorian/vectorian
88.pgf)
(/usr/local/texlive/2017/texmf-dist/tex/generic/pgfornament/vectorian/vectorian
88.pgf) [8 <./images/PowerWorldBus3.png (PNG copy)> <./images/PowerWorldBus4.pn
g (PNG copy)>] <images/PowerWorldBus6.png, id=158, 2055.68pt x 1020.81375pt>
=======
(c:/texlive/2017/texmf-dist/tex/generic/pgfornament/vectorian/vectorian88.pgf)
(c:/texlive/2017/texmf-dist/tex/generic/pgfornament/vectorian/vectorian88.pgf)
(c:/texlive/2017/texmf-dist/tex/generic/pgfornament/vectorian/vectorian88.pgf)
(c:/texlive/2017/texmf-dist/tex/generic/pgfornament/vectorian/vectorian88.pgf)
[8 <./images/PowerWorldBus3.png (PNG copy)> <./images/PowerWorldBus4.png (PNG c
opy)>] <images/PowerWorldBus6.png, id=168, 2055.68pt x 1020.81375pt>
>>>>>>> Line losses added in
File: images/PowerWorldBus6.png Graphic file (type png)

<use images/PowerWorldBus6.png>
Package pdftex.def Info: images/PowerWorldBus6.png used on input line 378.
(pdftex.def)             Requested size: 513.91875pt x 255.2028pt.

<images/PowerWorldBus7.png, id=169, 2055.68pt x 1017.8025pt>
File: images/PowerWorldBus7.png Graphic file (type png)

<use images/PowerWorldBus7.png>
Package pdftex.def Info: images/PowerWorldBus7.png used on input line 383.
(pdftex.def)             Requested size: 513.91875pt x 254.45pt.

<<<<<<< HEAD
(/usr/local/texlive/2017/texmf-dist/tex/generic/pgfornament/vectorian/vectorian
88.pgf)
(/usr/local/texlive/2017/texmf-dist/tex/generic/pgfornament/vectorian/vectorian
88.pgf)
(/usr/local/texlive/2017/texmf-dist/tex/generic/pgfornament/vectorian/vectorian
88.pgf)
(/usr/local/texlive/2017/texmf-dist/tex/generic/pgfornament/vectorian/vectorian
88.pgf) [9 <./images/PowerWorldBus5.png (PNG copy)> <./images/PowerWorldBus6.pn
g (PNG copy)>] <images/PowerWorldTable1.png, id=165, 1559.8275pt x 861.2175pt>
=======
(c:/texlive/2017/texmf-dist/tex/generic/pgfornament/vectorian/vectorian88.pgf)
(c:/texlive/2017/texmf-dist/tex/generic/pgfornament/vectorian/vectorian88.pgf)
(c:/texlive/2017/texmf-dist/tex/generic/pgfornament/vectorian/vectorian88.pgf)
(c:/texlive/2017/texmf-dist/tex/generic/pgfornament/vectorian/vectorian88.pgf)
[9 <./images/PowerWorldBus5.png (PNG copy)> <./images/PowerWorldBus6.png (PNG c
opy)>] <images/PowerWorldTable1.png, id=176, 1559.8275pt x 861.2175pt>
>>>>>>> Line losses added in
File: images/PowerWorldTable1.png Graphic file (type png)

<use images/PowerWorldTable1.png>
Package pdftex.def Info: images/PowerWorldTable1.png used on input line 388.
(pdftex.def)             Requested size: 467.95187pt x 258.36723pt.

<images/PowerWorldTable2.png, id=177, 1563.8425pt x 861.2175pt>
File: images/PowerWorldTable2.png Graphic file (type png)

<use images/PowerWorldTable2.png>
Package pdftex.def Info: images/PowerWorldTable2.png used on input line 392.
(pdftex.def)             Requested size: 469.15637pt x 258.36723pt.

<images/PowerWorldTable3.png, id=178, 1573.88pt x 513.92pt>
File: images/PowerWorldTable3.png Graphic file (type png)

<use images/PowerWorldTable3.png>
Package pdftex.def Info: images/PowerWorldTable3.png used on input line 396.
(pdftex.def)             Requested size: 472.16765pt x 154.17719pt.

<<<<<<< HEAD
(/usr/local/texlive/2017/texmf-dist/tex/generic/pgfornament/vectorian/vectorian
88.pgf)
(/usr/local/texlive/2017/texmf-dist/tex/generic/pgfornament/vectorian/vectorian
88.pgf)
(/usr/local/texlive/2017/texmf-dist/tex/generic/pgfornament/vectorian/vectorian
88.pgf)
(/usr/local/texlive/2017/texmf-dist/tex/generic/pgfornament/vectorian/vectorian
88.pgf) [10 <./images/PowerWorldBus7.png (PNG copy)> <./images/PowerWorldTable1
.png (PNG copy)>]
<images/PowerWorldTable4.png, id=173, 1182.4175pt x 241.90375pt>
=======
(c:/texlive/2017/texmf-dist/tex/generic/pgfornament/vectorian/vectorian88.pgf)
(c:/texlive/2017/texmf-dist/tex/generic/pgfornament/vectorian/vectorian88.pgf)
(c:/texlive/2017/texmf-dist/tex/generic/pgfornament/vectorian/vectorian88.pgf)
(c:/texlive/2017/texmf-dist/tex/generic/pgfornament/vectorian/vectorian88.pgf)
[10 <./images/PowerWorldBus7.png (PNG copy)> <./images/PowerWorldTable1.png (PN
G copy)>] <images/PowerWorldTable4.png, id=183, 1182.4175pt x 241.90375pt>
>>>>>>> Line losses added in
File: images/PowerWorldTable4.png Graphic file (type png)

<use images/PowerWorldTable4.png>
Package pdftex.def Info: images/PowerWorldTable4.png used on input line 400.
(pdftex.def)             Requested size: 354.72798pt x 72.57167pt.

<images/PowerWorldTable5.png, id=184, 1174.3875pt x 858.20625pt>
File: images/PowerWorldTable5.png Graphic file (type png)

<use images/PowerWorldTable5.png>
Package pdftex.def Info: images/PowerWorldTable5.png used on input line 404.
(pdftex.def)             Requested size: 352.31897pt x 257.46387pt.

<images/PowerWorldTable6.png, id=185, 1563.8425pt x 885.3075pt>
File: images/PowerWorldTable6.png Graphic file (type png)

<use images/PowerWorldTable6.png>
Package pdftex.def Info: images/PowerWorldTable6.png used on input line 408.
(pdftex.def)             Requested size: 469.15637pt x 265.5943pt.

<<<<<<< HEAD
(/usr/local/texlive/2017/texmf-dist/tex/generic/pgfornament/vectorian/vectorian
88.pgf)
(/usr/local/texlive/2017/texmf-dist/tex/generic/pgfornament/vectorian/vectorian
88.pgf)
(/usr/local/texlive/2017/texmf-dist/tex/generic/pgfornament/vectorian/vectorian
88.pgf)
(/usr/local/texlive/2017/texmf-dist/tex/generic/pgfornament/vectorian/vectorian
88.pgf) [11 <./images/PowerWorldTable2.png (PNG copy)> <./images/PowerWorldTabl
e3.png (PNG copy)> <./images/PowerWorldTable4.png (PNG copy)>]
<images/PowerWorldTable7.png, id=180, 1569.865pt x 872.25874pt>
=======
(c:/texlive/2017/texmf-dist/tex/generic/pgfornament/vectorian/vectorian88.pgf)
(c:/texlive/2017/texmf-dist/tex/generic/pgfornament/vectorian/vectorian88.pgf)
(c:/texlive/2017/texmf-dist/tex/generic/pgfornament/vectorian/vectorian88.pgf)
(c:/texlive/2017/texmf-dist/tex/generic/pgfornament/vectorian/vectorian88.pgf)
[11 <./images/PowerWorldTable2.png (PNG copy)> <./images/PowerWorldTable3.png (
PNG copy)> <./images/PowerWorldTable4.png (PNG copy)>]
<images/PowerWorldTable7.png, id=190, 1569.865pt x 872.25874pt>
>>>>>>> Line losses added in
File: images/PowerWorldTable7.png Graphic file (type png)

<use images/PowerWorldTable7.png>
Package pdftex.def Info: images/PowerWorldTable7.png used on input line 412.
(pdftex.def)             Requested size: 470.96313pt x 261.67964pt.

<images/PowerWorldTable8.png, id=191, 1944.26375pt x 882.29625pt>
File: images/PowerWorldTable8.png Graphic file (type png)

<use images/PowerWorldTable8.png>
Package pdftex.def Info: images/PowerWorldTable8.png used on input line 416.
(pdftex.def)             Requested size: 583.28363pt x 264.69092pt.

<<<<<<< HEAD
(/usr/local/texlive/2017/texmf-dist/tex/generic/pgfornament/vectorian/vectorian
88.pgf)
(/usr/local/texlive/2017/texmf-dist/tex/generic/pgfornament/vectorian/vectorian
88.pgf)
(/usr/local/texlive/2017/texmf-dist/tex/generic/pgfornament/vectorian/vectorian
88.pgf)
(/usr/local/texlive/2017/texmf-dist/tex/generic/pgfornament/vectorian/vectorian
88.pgf) [12 <./images/PowerWorldTable5.png (PNG copy)> <./images/PowerWorldTabl
e6.png (PNG copy)>]
<images/PowerWorldTable9.png, id=186, 1964.33875pt x 954.56625pt>
=======
(c:/texlive/2017/texmf-dist/tex/generic/pgfornament/vectorian/vectorian88.pgf)
(c:/texlive/2017/texmf-dist/tex/generic/pgfornament/vectorian/vectorian88.pgf)
(c:/texlive/2017/texmf-dist/tex/generic/pgfornament/vectorian/vectorian88.pgf)
(c:/texlive/2017/texmf-dist/tex/generic/pgfornament/vectorian/vectorian88.pgf)
[12 <./images/PowerWorldTable5.png (PNG copy)> <./images/PowerWorldTable6.png (
PNG copy)>] <images/PowerWorldTable9.png, id=196, 1964.33875pt x 954.56625pt>
>>>>>>> Line losses added in
File: images/PowerWorldTable9.png Graphic file (type png)

<use images/PowerWorldTable9.png>
Package pdftex.def Info: images/PowerWorldTable9.png used on input line 420.
(pdftex.def)             Requested size: 589.30618pt x 286.37209pt.

<<<<<<< HEAD
(/usr/local/texlive/2017/texmf-dist/tex/generic/pgfornament/vectorian/vectorian
88.pgf)
(/usr/local/texlive/2017/texmf-dist/tex/generic/pgfornament/vectorian/vectorian
88.pgf)
(/usr/local/texlive/2017/texmf-dist/tex/generic/pgfornament/vectorian/vectorian
88.pgf)
(/usr/local/texlive/2017/texmf-dist/tex/generic/pgfornament/vectorian/vectorian
88.pgf) [13 <./images/PowerWorldTable7.png (PNG copy)> <./images/PowerWorldTabl
e8.png (PNG copy)>]
(/usr/local/texlive/2017/texmf-dist/tex/generic/pgfornament/vectorian/vectorian
88.pgf)
(/usr/local/texlive/2017/texmf-dist/tex/generic/pgfornament/vectorian/vectorian
88.pgf)
(/usr/local/texlive/2017/texmf-dist/tex/generic/pgfornament/vectorian/vectorian
88.pgf)
(/usr/local/texlive/2017/texmf-dist/tex/generic/pgfornament/vectorian/vectorian
88.pgf) [14 <./images/PowerWorldTable9.png (PNG copy)>]
(/usr/local/texlive/2017/texmf-dist/tex/generic/pgfornament/vectorian/vectorian
88.pgf)
(/usr/local/texlive/2017/texmf-dist/tex/generic/pgfornament/vectorian/vectorian
88.pgf)
(/usr/local/texlive/2017/texmf-dist/tex/generic/pgfornament/vectorian/vectorian
88.pgf)
(/usr/local/texlive/2017/texmf-dist/tex/generic/pgfornament/vectorian/vectorian
88.pgf) [15] 
AED: lastpage setting LastPage
Package atveryend Info: Empty hook `BeforeClearDocument' on input line 446.
Package atveryend Info: Empty hook `AfterLastShipout' on input line 446.
(./Report.aux)
Package atveryend Info: Executing hook `AtVeryEndDocument' on input line 446.
Package atveryend Info: Executing hook `AtEndAfterFileList' on input line 446.
Package rerunfilecheck Info: File `Report.out' has not changed.
(rerunfilecheck)             Checksum: FF69DBCBFFE8182B04B4357A768AA4F3;474.
Package atveryend Info: Empty hook `AtVeryVeryEnd' on input line 446.
 ) 
Here is how much of TeX's memory you used:
 24748 strings out of 492995
 466188 string characters out of 6132704
 663150 words of memory out of 5000000
 27626 multiletter control sequences out of 15000+600000
 13211 words of font info for 48 fonts, out of 8000000 for 9000
 1141 hyphenation exceptions out of 8191
 59i,16n,94p,419b,614s stack positions out of 5000i,500n,10000p,200000b,80000s
</usr/local/texlive/2017/texmf-dist/fonts/type1/public/amsfonts/cm/cmbx12.pfb
></usr/local/texlive/2017/texmf-dist/fonts/type1/public/amsfonts/cm/cmex10.pfb>
</usr/local/texlive/2017/texmf-dist/fonts/type1/public/amsfonts/cm/cmmi12.pfb><
/usr/local/texlive/2017/texmf-dist/fonts/type1/public/amsfonts/cm/cmmi6.pfb></u
sr/local/texlive/2017/texmf-dist/fonts/type1/public/amsfonts/cm/cmmi8.pfb></usr
/local/texlive/2017/texmf-dist/fonts/type1/public/amsfonts/cm/cmr10.pfb></usr/l
ocal/texlive/2017/texmf-dist/fonts/type1/public/amsfonts/cm/cmr12.pfb></usr/loc
al/texlive/2017/texmf-dist/fonts/type1/public/amsfonts/cm/cmr17.pfb></usr/local
/texlive/2017/texmf-dist/fonts/type1/public/amsfonts/cm/cmr6.pfb></usr/local/te
xlive/2017/texmf-dist/fonts/type1/public/amsfonts/cm/cmr8.pfb></usr/local/texli
ve/2017/texmf-dist/fonts/type1/public/amsfonts/cm/cmsy10.pfb></usr/local/texliv
e/2017/texmf-dist/fonts/type1/public/amsfonts/cm/cmsy6.pfb></usr/local/texlive/
2017/texmf-dist/fonts/type1/public/amsfonts/cm/cmsy8.pfb></usr/local/texlive/20
17/texmf-dist/fonts/type1/public/amsfonts/cm/cmti12.pfb></usr/local/texlive/201
7/texmf-dist/fonts/type1/public/amsfonts/symbols/msam10.pfb>
Output written on Report.pdf (19 pages, 1907716 bytes).
=======
(c:/texlive/2017/texmf-dist/tex/generic/pgfornament/vectorian/vectorian88.pgf)
(c:/texlive/2017/texmf-dist/tex/generic/pgfornament/vectorian/vectorian88.pgf)
(c:/texlive/2017/texmf-dist/tex/generic/pgfornament/vectorian/vectorian88.pgf)
(c:/texlive/2017/texmf-dist/tex/generic/pgfornament/vectorian/vectorian88.pgf)
[13 <./images/PowerWorldTable7.png (PNG copy)> <./images/PowerWorldTable8.png (
PNG copy)>]
(c:/texlive/2017/texmf-dist/tex/generic/pgfornament/vectorian/vectorian88.pgf)
(c:/texlive/2017/texmf-dist/tex/generic/pgfornament/vectorian/vectorian88.pgf)
(c:/texlive/2017/texmf-dist/tex/generic/pgfornament/vectorian/vectorian88.pgf)
(c:/texlive/2017/texmf-dist/tex/generic/pgfornament/vectorian/vectorian88.pgf)
[14 <./images/PowerWorldTable9.png (PNG copy)>]
(c:/texlive/2017/texmf-dist/tex/generic/pgfornament/vectorian/vectorian88.pgf)
(c:/texlive/2017/texmf-dist/tex/generic/pgfornament/vectorian/vectorian88.pgf)
(c:/texlive/2017/texmf-dist/tex/generic/pgfornament/vectorian/vectorian88.pgf)
(c:/texlive/2017/texmf-dist/tex/generic/pgfornament/vectorian/vectorian88.pgf)
[15]
(c:/texlive/2017/texmf-dist/tex/generic/pgfornament/vectorian/vectorian88.pgf)
(c:/texlive/2017/texmf-dist/tex/generic/pgfornament/vectorian/vectorian88.pgf)
(c:/texlive/2017/texmf-dist/tex/generic/pgfornament/vectorian/vectorian88.pgf)
(c:/texlive/2017/texmf-dist/tex/generic/pgfornament/vectorian/vectorian88.pgf)
[16] 
AED: lastpage setting LastPage
Package atveryend Info: Empty hook `BeforeClearDocument' on input line 466.
Package atveryend Info: Empty hook `AfterLastShipout' on input line 466.
(./Report.aux)
Package atveryend Info: Executing hook `AtVeryEndDocument' on input line 466.
Package atveryend Info: Executing hook `AtEndAfterFileList' on input line 466.
Package rerunfilecheck Info: File `Report.out' has not changed.
(rerunfilecheck)             Checksum: 9A8C1819CF33282C58ED2812782C683F;625.
Package atveryend Info: Empty hook `AtVeryVeryEnd' on input line 466.
 ) 
Here is how much of TeX's memory you used:
 24766 strings out of 492995
 463186 string characters out of 6136403
 663097 words of memory out of 5000000
 27632 multiletter control sequences out of 15000+600000
 13211 words of font info for 48 fonts, out of 8000000 for 9000
 1141 hyphenation exceptions out of 8191
 59i,16n,94p,460b,614s stack positions out of 5000i,500n,10000p,200000b,80000s
<c:/texlive/2017/texmf-dist/fonts/type1/public/amsfonts/cm/cmbx12.pfb><c:/tex
live/2017/texmf-dist/fonts/type1/public/amsfonts/cm/cmex10.pfb><c:/texlive/2017
/texmf-dist/fonts/type1/public/amsfonts/cm/cmmi12.pfb><c:/texlive/2017/texmf-di
st/fonts/type1/public/amsfonts/cm/cmmi6.pfb><c:/texlive/2017/texmf-dist/fonts/t
ype1/public/amsfonts/cm/cmmi8.pfb><c:/texlive/2017/texmf-dist/fonts/type1/publi
c/amsfonts/cm/cmr10.pfb><c:/texlive/2017/texmf-dist/fonts/type1/public/amsfonts
/cm/cmr12.pfb><c:/texlive/2017/texmf-dist/fonts/type1/public/amsfonts/cm/cmr17.
pfb><c:/texlive/2017/texmf-dist/fonts/type1/public/amsfonts/cm/cmr6.pfb><c:/tex
live/2017/texmf-dist/fonts/type1/public/amsfonts/cm/cmr8.pfb><c:/texlive/2017/t
exmf-dist/fonts/type1/public/amsfonts/cm/cmsy10.pfb><c:/texlive/2017/texmf-dist
/fonts/type1/public/amsfonts/cm/cmsy6.pfb><c:/texlive/2017/texmf-dist/fonts/typ
e1/public/amsfonts/cm/cmsy8.pfb><c:/texlive/2017/texmf-dist/fonts/type1/public/
amsfonts/cm/cmti12.pfb><c:/texlive/2017/texmf-dist/fonts/type1/public/amsfonts/
symbols/msam10.pfb>
Output written on Report.pdf (20 pages, 1912224 bytes).
>>>>>>> Line losses added in
PDF statistics:
 277 PDF objects out of 1000 (max. 8388607)
 215 compressed objects within 3 object streams
 49 named destinations out of 1000 (max. 500000)
 185 words of extra memory for PDF output out of 10000 (max. 10000000)

